build/app/intermediates/manifest_merge_blame_file/release/manifest-merger-blame-release-report.txt
1<?xml version="1.0" encoding="utf-8"?>
2<manifest xmlns:android="http://schemas.android.com/apk/res/android"
3    package="com.samkok.school"
4    android:versionCode="5"
5    android:versionName="5.0" >
6
7    <uses-sdk
8        android:minSdkVersion="16"
8-->src\main\AndroidManifest.xml
9        android:targetSdkVersion="29" />
9-->src\main\AndroidManifest.xml
10
11    <!--
12         io.flutter.app.FlutterApplication is an android.app.Application that
13         calls FlutterMain.startInitialization(this); in its onCreate method.
14         In most cases you can leave this as-is, but you if you want to provide
15         additional functionality it is fine to subclass or reimplement
16         FlutterApplication and put your custom class here.
17    -->
18    <!-- <uses-permission android:name="android.permission.READ_SMS"/> -->
19    <!-- <uses-permission android:name="android.permission.RECEIVE_SMS"/> -->
20    <!-- <uses-permission android:name="android.permission.USE_FINGERPRINT"/> -->
21    <!-- <uses-permission android:name="android.permission.READ_CONTACTS"/> -->
22    <!-- <uses-permission android:name="android.permission.READ_PROFILE"/> -->
23    <uses-permission android:name="android.permission.INTERNET" />
23-->src\main\AndroidManifest.xml:14:5-66
23-->src\main\AndroidManifest.xml:14:22-64
24    <uses-permission android:name="android.permission.READ_PHONE_STATE" />
24-->src\main\AndroidManifest.xml:15:5-74
24-->src\main\AndroidManifest.xml:15:22-72
25    <uses-permission android:name="android.permission.READ_SMS" />
25-->[:sms] AndroidManifest.xml:7:5-67
25-->[:sms] AndroidManifest.xml:7:22-64
26    <uses-permission android:name="android.permission.SEND_SMS" />
26-->[:sms] AndroidManifest.xml:8:5-67
26-->[:sms] AndroidManifest.xml:8:22-64
27    <uses-permission android:name="android.permission.RECEIVE_SMS" />
27-->[:sms] AndroidManifest.xml:9:5-70
27-->[:sms] AndroidManifest.xml:9:22-67
28    <uses-permission android:name="android.permission.READ_CONTACTS" />
28-->[:sms] AndroidManifest.xml:11:5-72
28-->[:sms] AndroidManifest.xml:11:22-69
29    <uses-permission android:name="android.permission.READ_PROFILE" />
29-->[:sms] AndroidManifest.xml:12:5-71
29-->[:sms] AndroidManifest.xml:12:22-68
30
31    <application
31-->src\main\AndroidManifest.xml:17:5-40:19
32        android:name="io.flutter.app.FlutterApplication"
32-->src\main\AndroidManifest.xml:18:9-57
33        android:appComponentFactory="androidx.core.app.CoreComponentFactory"
33-->[androidx.core:core:1.0.2] AndroidManifest.xml:22:18-86
34        android:icon="@mipmap/ic_launcher"
34-->src\main\AndroidManifest.xml:20:9-43
35        android:label="Smart Farm Assistance" >
35-->src\main\AndroidManifest.xml:19:9-46
36        <activity
36-->src\main\AndroidManifest.xml:21:9-39:20
37            android:name="com.samkok.school.MainActivity"
37-->src\main\AndroidManifest.xml:22:13-41
38            android:configChanges="orientation|keyboardHidden|keyboard|screenSize|locale|layoutDirection|fontScale|screenLayout|density|uiMode"
38-->src\main\AndroidManifest.xml:25:13-144
39            android:hardwareAccelerated="true"
39-->src\main\AndroidManifest.xml:26:13-47
40            android:launchMode="singleTop"
40-->src\main\AndroidManifest.xml:23:13-43
41            android:theme="@style/LaunchTheme"
41-->src\main\AndroidManifest.xml:24:13-47
42            android:windowSoftInputMode="adjustResize" >
42-->src\main\AndroidManifest.xml:27:13-55
43
44            <!--
45                 This keeps the window background of the activity showing
46                 until Flutter renders its first frame. It can be removed if
47                 there is no splash screen (such as the default splash screen
48                 defined in @style/LaunchTheme).
49            -->
50            <meta-data
50-->src\main\AndroidManifest.xml:32:13-34:40
51                android:name="io.flutter.app.android.SplashScreenUntilFirstFrame"
51-->src\main\AndroidManifest.xml:33:17-82
52                android:value="true" />
52-->src\main\AndroidManifest.xml:34:17-37
53
54            <intent-filter>
54-->src\main\AndroidManifest.xml:35:13-38:29
55                <action android:name="android.intent.action.MAIN" />
55-->src\main\AndroidManifest.xml:36:17-68
55-->src\main\AndroidManifest.xml:36:25-66
56
57                <category android:name="android.intent.category.LAUNCHER" />
57-->src\main\AndroidManifest.xml:37:17-76
57-->src\main\AndroidManifest.xml:37:27-74
58            </intent-filter>
59        </activity>
60    </application>
61
62</manifest>